# JRE version: Java(TM) SE Runtime Environment (8.0_201-b09) (build 1.8.0_201-b09)
# Java VM: Java HotSpot(TM) 64-Bit Server VM (25.201-b09 mixed mode windows-amd64 compressed oops)
Heap:
 PSYoungGen      total 165376K, used 59988K [0x00000000d5c00000, 0x00000000e0d00000, 0x0000000100000000)
  eden space 151040K, 35% used [0x00000000d5c00000,0x00000000d9046958,0x00000000def80000)
  from space 14336K, 45% used [0x00000000dfd00000,0x00000000e034ea38,0x00000000e0b00000)
  to   space 13824K, 0% used [0x00000000def80000,0x00000000def80000,0x00000000dfd00000)
 ParOldGen       total 57856K, used 18959K [0x0000000081400000, 0x0000000084c80000, 0x00000000d5c00000)
  object space 57856K, 32% used [0x0000000081400000,0x0000000082683c28,0x0000000084c80000)
 Metaspace       used 39881K, capacity 41538K, committed 41856K, reserved 1085440K
  class space    used 5100K, capacity 5403K, committed 5504K, reserved 1048576K
GC Heap History (10 events):
Event: 5.762 GC heap before
{Heap before GC invocations=6 (full 1):
 PSYoungGen      total 71680K, used 66560K [0x00000000d5c00000, 0x00000000da700000, 0x0000000100000000)
  eden space 66560K, 100% used [0x00000000d5c00000,0x00000000d9d00000,0x00000000d9d00000)
  from space 5120K, 0% used [0x00000000da200000,0x00000000da200000,0x00000000da700000)
  to   space 5120K, 0% used [0x00000000d9d00000,0x00000000d9d00000,0x00000000da200000)
 ParOldGen       total 57856K, used 7389K [0x0000000081400000, 0x0000000084c80000, 0x00000000d5c00000)
  object space 57856K, 12% used [0x0000000081400000,0x0000000081b377e0,0x0000000084c80000)
 Metaspace       used 26171K, capacity 27012K, committed 27136K, reserved 1073152K
  class space    used 3334K, capacity 3532K, committed 3584K, reserved 1048576K
Event: 5.788 GC heap after
Heap after GC invocations=6 (full 1):
 PSYoungGen      total 71680K, used 5105K [0x00000000d5c00000, 0x00000000dd380000, 0x0000000100000000)
  eden space 66560K, 0% used [0x00000000d5c00000,0x00000000d5c00000,0x00000000d9d00000)
  from space 5120K, 99% used [0x00000000d9d00000,0x00000000da1fc678,0x00000000da200000)
  to   space 9216K, 0% used [0x00000000dca80000,0x00000000dca80000,0x00000000dd380000)
 ParOldGen       total 57856K, used 9405K [0x0000000081400000, 0x0000000084c80000, 0x00000000d5c00000)
  object space 57856K, 16% used [0x0000000081400000,0x0000000081d2f6b0,0x0000000084c80000)
 Metaspace       used 26171K, capacity 27012K, committed 27136K, reserved 1073152K
  class space    used 3334K, capacity 3532K, committed 3584K, reserved 1048576K
}
Event: 8.160 GC heap before
{Heap before GC invocations=7 (full 1):
 PSYoungGen      total 71680K, used 71665K [0x00000000d5c00000, 0x00000000dd380000, 0x0000000100000000)
  eden space 66560K, 100% used [0x00000000d5c00000,0x00000000d9d00000,0x00000000d9d00000)
  from space 5120K, 99% used [0x00000000d9d00000,0x00000000da1fc678,0x00000000da200000)
  to   space 9216K, 0% used [0x00000000dca80000,0x00000000dca80000,0x00000000dd380000)
 ParOldGen       total 57856K, used 9405K [0x0000000081400000, 0x0000000084c80000, 0x00000000d5c00000)
  object space 57856K, 16% used [0x0000000081400000,0x0000000081d2f6b0,0x0000000084c80000)
 Metaspace       used 30425K, capacity 31730K, committed 31872K, reserved 1077248K
  class space    used 3904K, capacity 4171K, committed 4224K, reserved 1048576K
Event: 8.175 GC heap after
Heap after GC invocations=7 (full 1):
 PSYoungGen      total 110080K, used 9203K [0x00000000d5c00000, 0x00000000dd580000, 0x0000000100000000)
  eden space 100864K, 0% used [0x00000000d5c00000,0x00000000d5c00000,0x00000000dbe80000)
  from space 9216K, 99% used [0x00000000dca80000,0x00000000dd37cfd0,0x00000000dd380000)
  to   space 11776K, 0% used [0x00000000dbe80000,0x00000000dbe80000,0x00000000dca00000)
 ParOldGen       total 57856K, used 12160K [0x0000000081400000, 0x0000000084c80000, 0x00000000d5c00000)
  object space 57856K, 21% used [0x0000000081400000,0x0000000081fe00d0,0x0000000084c80000)
 Metaspace       used 30425K, capacity 31730K, committed 31872K, reserved 1077248K
  class space    used 3904K, capacity 4171K, committed 4224K, reserved 1048576K
}
Event: 9.652 GC heap before
{Heap before GC invocations=8 (full 1):
 PSYoungGen      total 110080K, used 61832K [0x00000000d5c00000, 0x00000000dd580000, 0x0000000100000000)
  eden space 100864K, 52% used [0x00000000d5c00000,0x00000000d8f65248,0x00000000dbe80000)
  from space 9216K, 99% used [0x00000000dca80000,0x00000000dd37cfd0,0x00000000dd380000)
  to   space 11776K, 0% used [0x00000000dbe80000,0x00000000dbe80000,0x00000000dca00000)
 ParOldGen       total 57856K, used 12160K [0x0000000081400000, 0x0000000084c80000, 0x00000000d5c00000)
  object space 57856K, 21% used [0x0000000081400000,0x0000000081fe00d0,0x0000000084c80000)
 Metaspace       used 33971K, capacity 35302K, committed 35416K, reserved 1081344K
  class space    used 4329K, capacity 4581K, committed 4608K, reserved 1048576K
Event: 9.670 GC heap after
Heap after GC invocations=8 (full 1):
 PSYoungGen      total 112640K, used 11747K [0x00000000d5c00000, 0x00000000e0b00000, 0x0000000100000000)
  eden space 100864K, 0% used [0x00000000d5c00000,0x00000000d5c00000,0x00000000dbe80000)
  from space 11776K, 99% used [0x00000000dbe80000,0x00000000dc9f8fe0,0x00000000dca00000)
  to   space 14336K, 0% used [0x00000000dfd00000,0x00000000dfd00000,0x00000000e0b00000)
 ParOldGen       total 57856K, used 14240K [0x0000000081400000, 0x0000000084c80000, 0x00000000d5c00000)
  object space 57856K, 24% used [0x0000000081400000,0x00000000821e80c0,0x0000000084c80000)
 Metaspace       used 33971K, capacity 35302K, committed 35416K, reserved 1081344K
  class space    used 4329K, capacity 4581K, committed 4608K, reserved 1048576K
}
Event: 9.670 GC heap before
{Heap before GC invocations=9 (full 2):
 PSYoungGen      total 112640K, used 11747K [0x00000000d5c00000, 0x00000000e0b00000, 0x0000000100000000)
  eden space 100864K, 0% used [0x00000000d5c00000,0x00000000d5c00000,0x00000000dbe80000)
  from space 11776K, 99% used [0x00000000dbe80000,0x00000000dc9f8fe0,0x00000000dca00000)
  to   space 14336K, 0% used [0x00000000dfd00000,0x00000000dfd00000,0x00000000e0b00000)
 ParOldGen       total 57856K, used 14240K [0x0000000081400000, 0x0000000084c80000, 0x00000000d5c00000)
  object space 57856K, 24% used [0x0000000081400000,0x00000000821e80c0,0x0000000084c80000)
 Metaspace       used 33971K, capacity 35302K, committed 35416K, reserved 1081344K
  class space    used 4329K, capacity 4581K, committed 4608K, reserved 1048576K
Event: 9.776 GC heap after
Heap after GC invocations=9 (full 2):
 PSYoungGen      total 112640K, used 0K [0x00000000d5c00000, 0x00000000e0b00000, 0x0000000100000000)
  eden space 100864K, 0% used [0x00000000d5c00000,0x00000000d5c00000,0x00000000dbe80000)
  from space 11776K, 0% used [0x00000000dbe80000,0x00000000dbe80000,0x00000000dca00000)
  to   space 14336K, 0% used [0x00000000dfd00000,0x00000000dfd00000,0x00000000e0b00000)
 ParOldGen       total 57856K, used 18959K [0x0000000081400000, 0x0000000084c80000, 0x00000000d5c00000)
  object space 57856K, 32% used [0x0000000081400000,0x0000000082683c28,0x0000000084c80000)
 Metaspace       used 33971K, capacity 35302K, committed 35416K, reserved 1081344K
  class space    used 4329K, capacity 4581K, committed 4608K, reserved 1048576K
}
Event: 11.716 GC heap before
{Heap before GC invocations=10 (full 2):
 PSYoungGen      total 112640K, used 100864K [0x00000000d5c00000, 0x00000000e0b00000, 0x0000000100000000)
  eden space 100864K, 100% used [0x00000000d5c00000,0x00000000dbe80000,0x00000000dbe80000)
  from space 11776K, 0% used [0x00000000dbe80000,0x00000000dbe80000,0x00000000dca00000)
  to   space 14336K, 0% used [0x00000000dfd00000,0x00000000dfd00000,0x00000000e0b00000)
 ParOldGen       total 57856K, used 18959K [0x0000000081400000, 0x0000000084c80000, 0x00000000d5c00000)
  object space 57856K, 32% used [0x0000000081400000,0x0000000082683c28,0x0000000084c80000)
 Metaspace       used 37679K, capacity 39172K, committed 39424K, reserved 1083392K
  class space    used 4798K, capacity 5066K, committed 5120K, reserved 1048576K
Event: 11.762 GC heap after
Heap after GC invocations=10 (full 2):
 PSYoungGen      total 165376K, used 6458K [0x00000000d5c00000, 0x00000000e0d00000, 0x0000000100000000)
  eden space 151040K, 0% used [0x00000000d5c00000,0x00000000d5c00000,0x00000000def80000)
  from space 14336K, 45% used [0x00000000dfd00000,0x00000000e034ea38,0x00000000e0b00000)
  to   space 13824K, 0% used [0x00000000def80000,0x00000000def80000,0x00000000dfd00000)
 ParOldGen       total 57856K, used 18959K [0x0000000081400000, 0x0000000084c80000, 0x00000000d5c00000)
  object space 57856K, 32% used [0x0000000081400000,0x0000000082683c28,0x0000000084c80000)
 Metaspace       used 37679K, capacity 39172K, committed 39424K, reserved 1083392K
  class space    used 4798K, capacity 5066K, committed 5120K, reserved 1048576K
}

